[17:55:49] [ServerMain/INFO]: Environment: authHost='https://authserver.mojang.com', accountsHost='https://api.mojang.com', sessionHost='https://sessionserver.mojang.com', servicesHost='https://api.minecraftservices.com', name='PROD'
[17:55:55] [ServerMain/INFO]: Loaded 7 recipes
[17:55:58] [Server thread/INFO]: Starting minecraft server version 1.20.1
[17:55:58] [Server thread/WARN]: ****************************
[17:55:58] [Server thread/WARN]: YOU ARE RUNNING THIS SERVER AS AN ADMINISTRATIVE OR ROOT USER. THIS IS NOT ADVISED.
[17:55:58] [Server thread/WARN]: YOU ARE OPENING YOURSELF UP TO POTENTIAL RISKS WHEN DOING THIS.
[17:55:58] [Server thread/WARN]: FOR MORE INFORMATION, SEE https://madelinemiller.dev/blog/root-minecraft-server/
[17:55:58] [Server thread/WARN]: ****************************
[17:55:58] [Server thread/INFO]: Loading properties
[17:55:59] [Server thread/INFO]: This server is running Paper version git-Paper-196 (MC: 1.20.1) (Implementing API version 1.20.1-R0.1-SNAPSHOT) (Git: 773dd72)
[17:56:00] [Server thread/INFO]: Server Ping Player Sample Count: 12
[17:56:01] [Server thread/INFO]: Using 4 threads for Netty based IO
[17:56:01] [Server thread/WARN]: [!] The timings profiler has been enabled but has been scheduled for removal from Paper in the future.
    We recommend installing the spark profiler as a replacement: https://spark.lucko.me/
    For more information please visit: https://github.com/PaperMC/Paper/issues/8948
[17:56:01] [Server thread/INFO]: [ChunkTaskScheduler] Chunk system is using 1 I/O threads, 1 worker threads, and gen parallelism of 1 threads
[17:56:02] [Server thread/INFO]: Default game type: SURVIVAL
[17:56:02] [Server thread/INFO]: Generating keypair
[17:56:03] [Server thread/INFO]: Starting Minecraft server on minecraft.mommersco.com:25565
[17:56:03] [Server thread/INFO]: Using default channel type
[17:56:03] [Server thread/INFO]: Paper: Using Java compression from Velocity.
[17:56:03] [Server thread/INFO]: Paper: Using Java cipher from Velocity.
[17:56:03] [Server thread/INFO]: [Essentials] Loading server plugin Essentials v2.20.1
[17:56:03] [Server thread/INFO]: [EssentialsChat] Loading server plugin EssentialsChat v2.20.1
[17:56:03] [Server thread/INFO]: [EssentialsSpawn] Loading server plugin EssentialsSpawn v2.20.1
[17:56:03] [Server thread/INFO]: [EssentialsProtect] Loading server plugin EssentialsProtect v2.20.1
[17:56:03] [Server thread/INFO]: [EssentialsDiscord] Loading server plugin EssentialsDiscord v2.20.1
[17:56:03] [Server thread/INFO]: Server permissions file permissions.yml is empty, ignoring it
[17:56:03] [Server thread/INFO]: Preparing level "world"
[17:56:05] [Server thread/INFO]: Preparing start region for dimension minecraft:overworld
[17:56:06] [Server thread/INFO]: Time elapsed: 805 ms
[17:56:06] [Server thread/INFO]: Preparing start region for dimension minecraft:the_nether
[17:56:06] [Server thread/INFO]: Time elapsed: 62 ms
[17:56:06] [Server thread/INFO]: Preparing start region for dimension minecraft:the_end
[17:56:06] [Server thread/INFO]: Time elapsed: 66 ms
[17:56:06] [Server thread/INFO]: [Essentials] Enabling Essentials v2.20.1
[17:56:07] [Server thread/INFO]: [Essentials] Creating config from template: plugins\Essentials\config.yml
[17:56:08] [Server thread/WARN]: [Essentials] Missing userdata folder, aborting
[17:56:08] [Server thread/INFO]: [Essentials] Creating config from template: plugins\Essentials\kits.yml
[17:56:08] [Server thread/INFO]: [Essentials] Attempting to convert old kits in config.yml to new kits.yml
[17:56:08] [Server thread/INFO]: [Essentials] No kits found to migrate.
[17:56:08] [Server thread/INFO]: [Essentials] Starting Essentials ban format conversion
[17:56:08] [Server thread/INFO]: [Essentials] Attempting to migrate ignore list to UUIDs
[17:56:08] [Server thread/INFO]: [Essentials] Attempting to migrate legacy userdata keys to Configurate
[17:56:08] [Server thread/INFO]: [Essentials] Creating config from template: plugins\Essentials\worth.yml
[17:56:08] [Server thread/INFO]: [Essentials] Creating config from template: plugins\Essentials\tpr.yml
[17:56:09] [Server thread/INFO]: [Essentials] Loaded 39094 items from items.json.
[17:56:09] [Server thread/INFO]: [Essentials] Creating config from template: plugins\Essentials\custom_items.yml
[17:56:09] [Server thread/INFO]: [Essentials] Using locale en_AU
[17:56:09] [Server thread/INFO]: [Essentials] ServerListPingEvent: Spigot iterator API
[17:56:09] [Server thread/INFO]: [Essentials] Starting Metrics. Opt-out using the global bStats config.
[17:56:09] [Server thread/INFO]: [Essentials] Using superperms-based permissions.
[17:56:09] [Server thread/INFO]: [EssentialsChat] Enabling EssentialsChat v2.20.1
[17:56:09] [Server thread/INFO]: [EssentialsChat] Starting Metrics. Opt-out using the global bStats config.
[17:56:09] [Server thread/INFO]: [EssentialsSpawn] Enabling EssentialsSpawn v2.20.1
[17:56:09] [Server thread/INFO]: [EssentialsSpawn] Starting Metrics. Opt-out using the global bStats config.
[17:56:09] [Server thread/INFO]: [EssentialsProtect] Enabling EssentialsProtect v2.20.1
[17:56:09] [Server thread/INFO]: [EssentialsProtect] Continuing to enable Protect.
[17:56:10] [Server thread/INFO]: [EssentialsProtect] Starting Metrics. Opt-out using the global bStats config.
[17:56:10] [Server thread/INFO]: [EssentialsDiscord] Enabling EssentialsDiscord v2.20.1
[17:56:10] [Server thread/INFO]: [Essentials] Creating config from template: plugins\EssentialsDiscord\config.yml
[17:56:10] [Server thread/INFO]: [EssentialsDiscord] Starting Metrics. Opt-out using the global bStats config.
[17:56:10] [Server thread/INFO]: [EssentialsDiscord] Attempting to login to Discord...
[17:56:10] [Server thread/ERROR]: [EssentialsDiscord] An error occurred while logging into Discord, which has caused the plugin to disable itself: 
No token provided! Please follow the tutorial in the config in order to setup the plugin.
[17:56:10] [Server thread/INFO]: Running delayed init tasks
[17:56:10] [Server thread/INFO]: Done (12.248s)! For help, type "help"
[17:56:10] [Server thread/INFO]: Timings Reset
[17:56:10] [Craft Scheduler Thread - 3 - Essentials/INFO]: [Essentials] Fetching version information...
[17:58:21] [Server thread/INFO]: Unknown command. Type "/help" for help.
